<?xml version="1.0" encoding="UTF-8"?>
<testsuite xmlns:xsi="http://www.w3.org/2001/XMLSchema-instance" xsi:noNamespaceSchemaLocation="https://maven.apache.org/surefire/maven-surefire-plugin/xsd/surefire-test-report-3.0.xsd" version="3.0" name="com.quiver.node.ObjectStoreTest" time="0.08" tests="7" errors="0" skipped="0" failures="0">
  <properties>
[...]
</properties>
  <testcase name="ownerCanUpdateOwnObject" classname="com.quiver.node.ObjectStoreTest" time="0.038">
    <system-out><![CDATA[Object 'doc1' created on node A (owner: A)
Object 'doc1' updated locally on node A
]]></system-out>
  </testcase>
  <testcase name="nonOwnerWithoutPermissionCannotUpdate" classname="com.quiver.node.ObjectStoreTest" time="0.003">
    <system-out><![CDATA[Object 'doc1' created (via sync) with owner: A
Access Denied: Node 'B' does not have write permission for 'doc1'.
]]></system-out>
  </testcase>
  <testcase name="cannotCreateSameObjectTwice" classname="com.quiver.node.ObjectStoreTest" time="0.006">
    <system-out><![CDATA[Object 'doc1' created on node A (owner: A)
Object 'doc1' already exists.
]]></system-out>
  </testcase>
  <testcase name="mergeRemoteUpdateCreatesObjectIfMissing" classname="com.quiver.node.ObjectStoreTest" time="0.002">
    <system-out><![CDATA[Object 'doc1' merged from node A on node B
]]></system-out>
  </testcase>
  <testcase name="onlyOwnerCanGrantPermission" classname="com.quiver.node.ObjectStoreTest" time="0.002">
    <system-out><![CDATA[Object 'doc1' created on node A (owner: A)
Access Denied: Only the owner ('A') can grant permissions for 'doc1'.
]]></system-out>
  </testcase>
  <testcase name="grantingWritePermissionAllowsNonOwnerToUpdate" classname="com.quiver.node.ObjectStoreTest" time="0.003">
    <system-out><![CDATA[Object 'doc1' created on node A (owner: A)
Granted WRITE permission on 'doc1' to node 'B'.
]]></system-out>
  </testcase>
  <testcase name="creatingObjectSetsCreatorAsOwner" classname="com.quiver.node.ObjectStoreTest" time="0.002">
    <system-out><![CDATA[Object 'doc1' created on node A (owner: A)
]]></system-out>
  </testcase>
</testsuite>